Started by user Linda Williams
Running as SYSTEM
Building in workspace /var/jenkins_home/workspace/project-demo-container
[WS-CLEANUP] Deleting project workspace...
[WS-CLEANUP] Deferred wipeout is used...
The recommended git tool is: NONE
using credential fc02b763-719a-4aec-95c0-0a32b8612799
Cloning the remote Git repository
Cloning repository https://github.com/williamslm/nd035-c4-Security-and-DevOps
 > git init /var/jenkins_home/workspace/project-demo-container # timeout=10
Fetching upstream changes from https://github.com/williamslm/nd035-c4-Security-and-DevOps
 > git --version # timeout=10
 > git --version # 'git version 2.36.2'
using GIT_SSH to set credentials 
Verifying host key using known hosts file
 > git fetch --tags --force --progress -- https://github.com/williamslm/nd035-c4-Security-and-DevOps +refs/heads/*:refs/remotes/origin/* # timeout=10
 > git config remote.origin.url https://github.com/williamslm/nd035-c4-Security-and-DevOps # timeout=10
 > git config --add remote.origin.fetch +refs/heads/*:refs/remotes/origin/* # timeout=10
Avoid second fetch
 > git rev-parse refs/remotes/origin/master^{commit} # timeout=10
Checking out Revision 6fb068c378abb21037ed5c0e3b561e9876bac0c3 (refs/remotes/origin/master)
 > git config core.sparsecheckout # timeout=10
 > git checkout -f 6fb068c378abb21037ed5c0e3b561e9876bac0c3 # timeout=10
Commit message: "updates"
First time build. Skipping changelog.
[project-demo-container] $ /var/jenkins_home/tools/hudson.tasks.Maven_MavenInstallation/Maven_3.8.5/bin/mvn -f starter_code/pom.xml clean install package
[INFO] Scanning for projects...
[INFO] 
[INFO] ----------------------< com.example:auth-course >-----------------------
[INFO] Building auth-course 0.0.1-SNAPSHOT
[INFO] --------------------------------[ war ]---------------------------------
[INFO] 
[INFO] --- maven-clean-plugin:3.1.0:clean (default-clean) @ auth-course ---
[INFO] Deleting /var/jenkins_home/workspace/project-demo-container/starter_code/target
[INFO] 
[INFO] --- maven-resources-plugin:3.1.0:resources (default-resources) @ auth-course ---
[INFO] Using 'UTF-8' encoding to copy filtered resources.
[INFO] Copying 1 resource
[INFO] Copying 2 resources
[INFO] 
[INFO] --- maven-compiler-plugin:3.8.1:compile (default-compile) @ auth-course ---
[INFO] Changes detected - recompiling the module!
[INFO] Compiling 20 source files to /var/jenkins_home/workspace/project-demo-container/starter_code/target/classes
[INFO] 
[INFO] --- maven-resources-plugin:3.1.0:testResources (default-testResources) @ auth-course ---
[INFO] Using 'UTF-8' encoding to copy filtered resources.
[INFO] skip non existing resourceDirectory /var/jenkins_home/workspace/project-demo-container/starter_code/src/test/resources
[INFO] 
[INFO] --- maven-compiler-plugin:3.8.1:testCompile (default-testCompile) @ auth-course ---
[INFO] Changes detected - recompiling the module!
[INFO] Compiling 6 source files to /var/jenkins_home/workspace/project-demo-container/starter_code/target/test-classes
[INFO] /var/jenkins_home/workspace/project-demo-container/starter_code/src/test/java/com/example/demo/TestUtils.java: /var/jenkins_home/workspace/project-demo-container/starter_code/src/test/java/com/example/demo/TestUtils.java uses or overrides a deprecated API.
[INFO] /var/jenkins_home/workspace/project-demo-container/starter_code/src/test/java/com/example/demo/TestUtils.java: Recompile with -Xlint:deprecation for details.
[INFO] 
[INFO] --- maven-surefire-plugin:2.22.2:test (default-test) @ auth-course ---
[INFO] 
[INFO] -------------------------------------------------------
[INFO]  T E S T S
[INFO] -------------------------------------------------------
[INFO] Running com.example.demo.controllers.CartControllerTest
[INFO] Tests run: 3, Failures: 0, Errors: 0, Skipped: 0, Time elapsed: 1.867 s - in com.example.demo.controllers.CartControllerTest
[INFO] Running com.example.demo.controllers.UserControllerTest
2024-08-16T23:10:08.295 [main] INFO  c.e.demo.controllers.UserController - Created user test
2024-08-16T23:10:08.312 [main] ERROR c.e.demo.controllers.UserController - Invalid password testPassword for username test
[INFO] Tests run: 6, Failures: 0, Errors: 0, Skipped: 0, Time elapsed: 0.533 s - in com.example.demo.controllers.UserControllerTest
[INFO] Running com.example.demo.controllers.ItemControllerTest
[INFO] Tests run: 5, Failures: 0, Errors: 0, Skipped: 0, Time elapsed: 0.002 s - in com.example.demo.controllers.ItemControllerTest
[INFO] Running com.example.demo.controllers.OrderControllerTest
2024-08-16T23:10:08.624 [main] INFO  c.e.demo.controllers.OrderController - Order# null submitted for user test
2024-08-16T23:10:08.629 [main] ERROR c.e.demo.controllers.OrderController - User test not found
[INFO] Tests run: 3, Failures: 0, Errors: 0, Skipped: 0, Time elapsed: 0.208 s - in com.example.demo.controllers.OrderControllerTest
[INFO] Running com.example.demo.SareetaApplicationTests
2024-08-16T23:10:08.851 [main] INFO  o.s.t.c.s.AbstractContextLoader - Could not detect default resource locations for test class [com.example.demo.SareetaApplicationTests]: no resource found for suffixes {-context.xml, Context.groovy}.
2024-08-16T23:10:09.260 [main] INFO  o.s.b.t.c.SpringBootTestContextBootstrapper - Loaded default TestExecutionListener class names from location [META-INF/spring.factories]: [org.springframework.boot.test.mock.mockito.MockitoTestExecutionListener, org.springframework.boot.test.mock.mockito.ResetMocksTestExecutionListener, org.springframework.boot.test.autoconfigure.restdocs.RestDocsTestExecutionListener, org.springframework.boot.test.autoconfigure.web.client.MockRestServiceServerResetTestExecutionListener, org.springframework.boot.test.autoconfigure.web.servlet.MockMvcPrintOnlyOnFailureTestExecutionListener, org.springframework.boot.test.autoconfigure.web.servlet.WebDriverTestExecutionListener, org.springframework.test.context.web.ServletTestExecutionListener, org.springframework.test.context.support.DirtiesContextBeforeModesTestExecutionListener, org.springframework.test.context.support.DependencyInjectionTestExecutionListener, org.springframework.test.context.support.DirtiesContextTestExecutionListener, org.springframework.test.context.transaction.TransactionalTestExecutionListener, org.springframework.test.context.jdbc.SqlScriptsTestExecutionListener, org.springframework.security.test.context.support.WithSecurityContextTestExecutionListener, org.springframework.security.test.context.support.ReactorContextTestExecutionListener]
2024-08-16T23:10:09.306 [main] INFO  o.s.b.t.c.SpringBootTestContextBootstrapper - Using TestExecutionListeners: [org.springframework.test.context.web.ServletTestExecutionListener@7186333e, org.springframework.test.context.support.DirtiesContextBeforeModesTestExecutionListener@692fd26, org.springframework.boot.test.mock.mockito.MockitoTestExecutionListener@36f1046f, org.springframework.boot.test.autoconfigure.SpringBootDependencyInjectionTestExecutionListener@56d93692, org.springframework.test.context.support.DirtiesContextTestExecutionListener@1686f0b4, org.springframework.test.context.transaction.TransactionalTestExecutionListener@76c548f, org.springframework.test.context.jdbc.SqlScriptsTestExecutionListener@3900fa71, org.springframework.security.test.context.support.WithSecurityContextTestExecutionListener@26722665, org.springframework.security.test.context.support.ReactorContextTestExecutionListener@7d0614f, org.springframework.boot.test.mock.mockito.ResetMocksTestExecutionListener@627d8516, org.springframework.boot.test.autoconfigure.restdocs.RestDocsTestExecutionListener@5c10285a, org.springframework.boot.test.autoconfigure.web.client.MockRestServiceServerResetTestExecutionListener@6b667cb3, org.springframework.boot.test.autoconfigure.web.servlet.MockMvcPrintOnlyOnFailureTestExecutionListener@6f38a289, org.springframework.boot.test.autoconfigure.web.servlet.WebDriverTestExecutionListener@61e3cf4d]

  .   ____          _            __ _ _
 /\\ / ___'_ __ _ _(_)_ __  __ _ \ \ \ \
( ( )\___ | '_ | '_| | '_ \/ _` | \ \ \ \
 \\/  ___)| |_)| | | | | || (_| |  ) ) ) )
  '  |____| .__|_| |_|_| |_\__, | / / / /
 =========|_|==============|___/=/_/_/_/
 :: Spring Boot ::        (v2.1.5.RELEASE)

2024-08-16T23:10:10.225 [main] INFO  c.e.demo.SareetaApplicationTests - Starting SareetaApplicationTests on 8733f189dd57 with PID 4223 (started by root in /var/jenkins_home/workspace/project-demo-container/starter_code)
2024-08-16T23:10:10.232 [main] INFO  c.e.demo.SareetaApplicationTests - No active profile set, falling back to default profiles: default
2024-08-16T23:10:12.377 [main] INFO  o.s.d.r.c.RepositoryConfigurationDelegate - Bootstrapping Spring Data repositories in DEFAULT mode.
2024-08-16T23:10:12.560 [main] INFO  o.s.d.r.c.RepositoryConfigurationDelegate - Finished Spring Data repository scanning in 159ms. Found 4 repository interfaces.
2024-08-16T23:10:13.970 [main] INFO  o.s.c.s.PostProcessorRegistrationDelegate$BeanPostProcessorChecker - Bean 'org.springframework.transaction.annotation.ProxyTransactionManagementConfiguration' of type [org.springframework.transaction.annotation.ProxyTransactionManagementConfiguration$$EnhancerBySpringCGLIB$$491e5b4a] is not eligible for getting processed by all BeanPostProcessors (for example: not eligible for auto-proxying)
2024-08-16T23:10:14.567 [main] INFO  com.zaxxer.hikari.HikariDataSource - HikariPool-1 - Starting...
2024-08-16T23:10:15.008 [main] INFO  com.zaxxer.hikari.HikariDataSource - HikariPool-1 - Start completed.
2024-08-16T23:10:15.271 [main] INFO  o.h.jpa.internal.util.LogHelper - HHH000204: Processing PersistenceUnitInfo [
	name: default
	...]
2024-08-16T23:10:15.490 [main] INFO  org.hibernate.Version - HHH000412: Hibernate Core {5.3.10.Final}
2024-08-16T23:10:15.493 [main] INFO  org.hibernate.cfg.Environment - HHH000206: hibernate.properties not found
2024-08-16T23:10:15.611 [main] INFO  o.h.annotations.common.Version - HCANN000001: Hibernate Commons Annotations {5.0.4.Final}
2024-08-16T23:10:15.969 [main] INFO  org.hibernate.dialect.Dialect - HHH000400: Using dialect: org.hibernate.dialect.H2Dialect
2024-08-16T23:10:17.601 [main] INFO  o.s.o.j.LocalContainerEntityManagerFactoryBean - Initialized JPA EntityManagerFactory for persistence unit 'default'
2024-08-16T23:10:19.708 [main] WARN  o.s.b.a.o.j.JpaBaseConfiguration$JpaWebConfiguration$JpaWebMvcConfiguration - spring.jpa.open-in-view is enabled by default. Therefore, database queries may be performed during view rendering. Explicitly configure spring.jpa.open-in-view to disable this warning
2024-08-16T23:10:20.027 [main] INFO  o.s.s.web.DefaultSecurityFilterChain - Creating filter chain: any request, [org.springframework.security.web.context.request.async.WebAsyncManagerIntegrationFilter@5c28009f, org.springframework.security.web.context.SecurityContextPersistenceFilter@3c34c491, org.springframework.security.web.header.HeaderWriterFilter@23ade612, org.springframework.web.filter.CorsFilter@19b0a9f2, org.springframework.security.web.authentication.logout.LogoutFilter@5ec06e97, com.example.demo.security.JWTAuthenticationFilter@f4c3e9, com.example.demo.security.JWTAuthenticationVerficationFilter@25890ce3, org.springframework.security.web.savedrequest.RequestCacheAwareFilter@6af29394, org.springframework.security.web.servletapi.SecurityContextHolderAwareRequestFilter@5c8d631, org.springframework.security.web.authentication.AnonymousAuthenticationFilter@39b9dc35, org.springframework.security.web.session.SessionManagementFilter@7e366c6f, org.springframework.security.web.access.ExceptionTranslationFilter@193f3306, org.springframework.security.web.access.intercept.FilterSecurityInterceptor@3c65f2e1]
2024-08-16T23:10:21.207 [main] INFO  o.s.s.c.ThreadPoolTaskExecutor - Initializing ExecutorService 'applicationTaskExecutor'
2024-08-16T23:10:21.807 [main] INFO  c.e.demo.SareetaApplicationTests - Started SareetaApplicationTests in 12.398 seconds (JVM running for 16.948)
[INFO] Tests run: 1, Failures: 0, Errors: 0, Skipped: 0, Time elapsed: 13.242 s - in com.example.demo.SareetaApplicationTests
2024-08-16T23:10:21.932 [Thread-2] INFO  o.s.s.c.ThreadPoolTaskExecutor - Shutting down ExecutorService 'applicationTaskExecutor'
2024-08-16T23:10:21.941 [Thread-2] INFO  o.s.o.j.LocalContainerEntityManagerFactoryBean - Closing JPA EntityManagerFactory for persistence unit 'default'
2024-08-16T23:10:21.951 [Thread-2] INFO  com.zaxxer.hikari.HikariDataSource - HikariPool-1 - Shutdown initiated...
2024-08-16T23:10:21.959 [Thread-2] INFO  com.zaxxer.hikari.HikariDataSource - HikariPool-1 - Shutdown completed.
[INFO] 
[INFO] Results:
[INFO] 
[INFO] Tests run: 18, Failures: 0, Errors: 0, Skipped: 0
[INFO] 
[INFO] 
[INFO] --- maven-war-plugin:3.2.2:war (default-war) @ auth-course ---
[INFO] Packaging webapp
[INFO] Assembling webapp [auth-course] in [/var/jenkins_home/workspace/project-demo-container/starter_code/target/auth-course-0.0.1-SNAPSHOT]
[INFO] Processing war project
[INFO] Webapp assembled in [745 msecs]
[INFO] Building war: /var/jenkins_home/workspace/project-demo-container/starter_code/target/auth-course-0.0.1-SNAPSHOT.war
[INFO] 
[INFO] --- spring-boot-maven-plugin:2.1.5.RELEASE:repackage (repackage) @ auth-course ---
[INFO] Replacing main artifact with repackaged archive
[INFO] 
[INFO] --- maven-install-plugin:2.5.2:install (default-install) @ auth-course ---
[INFO] Installing /var/jenkins_home/workspace/project-demo-container/starter_code/target/auth-course-0.0.1-SNAPSHOT.war to /root/.m2/repository/com/example/auth-course/0.0.1-SNAPSHOT/auth-course-0.0.1-SNAPSHOT.war
[INFO] Installing /var/jenkins_home/workspace/project-demo-container/starter_code/pom.xml to /root/.m2/repository/com/example/auth-course/0.0.1-SNAPSHOT/auth-course-0.0.1-SNAPSHOT.pom
[INFO] 
[INFO] --- maven-resources-plugin:3.1.0:resources (default-resources) @ auth-course ---
[INFO] Using 'UTF-8' encoding to copy filtered resources.
[INFO] Copying 1 resource
[INFO] Copying 2 resources
[INFO] 
[INFO] --- maven-compiler-plugin:3.8.1:compile (default-compile) @ auth-course ---
[INFO] Changes detected - recompiling the module!
[INFO] Compiling 20 source files to /var/jenkins_home/workspace/project-demo-container/starter_code/target/classes
[INFO] 
[INFO] --- maven-resources-plugin:3.1.0:testResources (default-testResources) @ auth-course ---
[INFO] Using 'UTF-8' encoding to copy filtered resources.
[INFO] skip non existing resourceDirectory /var/jenkins_home/workspace/project-demo-container/starter_code/src/test/resources
[INFO] 
[INFO] --- maven-compiler-plugin:3.8.1:testCompile (default-testCompile) @ auth-course ---
[INFO] Changes detected - recompiling the module!
[INFO] Compiling 6 source files to /var/jenkins_home/workspace/project-demo-container/starter_code/target/test-classes
[INFO] /var/jenkins_home/workspace/project-demo-container/starter_code/src/test/java/com/example/demo/TestUtils.java: /var/jenkins_home/workspace/project-demo-container/starter_code/src/test/java/com/example/demo/TestUtils.java uses or overrides a deprecated API.
[INFO] /var/jenkins_home/workspace/project-demo-container/starter_code/src/test/java/com/example/demo/TestUtils.java: Recompile with -Xlint:deprecation for details.
[INFO] 
[INFO] --- maven-surefire-plugin:2.22.2:test (default-test) @ auth-course ---
[INFO] Skipping execution of surefire because it has already been run for this configuration
[INFO] 
[INFO] --- maven-war-plugin:3.2.2:war (default-war) @ auth-course ---
[INFO] Packaging webapp
[INFO] Assembling webapp [auth-course] in [/var/jenkins_home/workspace/project-demo-container/starter_code/target/auth-course-0.0.1-SNAPSHOT]
[INFO] Processing war project
[INFO] Webapp assembled in [420 msecs]
[INFO] Building war: /var/jenkins_home/workspace/project-demo-container/starter_code/target/auth-course-0.0.1-SNAPSHOT.war
[INFO] 
[INFO] --- spring-boot-maven-plugin:2.1.5.RELEASE:repackage (repackage) @ auth-course ---
[INFO] Replacing main artifact with repackaged archive
[INFO] ------------------------------------------------------------------------
[INFO] BUILD SUCCESS
[INFO] ------------------------------------------------------------------------
[INFO] Total time:  40.194 s
[INFO] Finished at: 2024-08-16T23:10:34Z
[INFO] ------------------------------------------------------------------------
[DeployPublisher][INFO] Attempting to deploy 1 war file(s)
[DeployPublisher][INFO] Deploying /var/jenkins_home/workspace/project-demo-container/starter_code/target/auth-course-0.0.1-SNAPSHOT.war to container Tomcat 9.x Remote with context myApp
  [/var/jenkins_home/workspace/project-demo-container/starter_code/target/auth-course-0.0.1-SNAPSHOT.war] is not deployed. Doing a fresh deployment.
  Deploying [/var/jenkins_home/workspace/project-demo-container/starter_code/target/auth-course-0.0.1-SNAPSHOT.war]
Finished: SUCCESS
